<?xml version="1.0" encoding="UTF-8"?>
<!-- Generated by org.testng.reporters.JUnitReportReporter -->
<testsuite hostname="kairosHW0451" failures="0" tests="3" name="com.minnwest.testcases.Minnwest_Login" time="155.312" errors="0" timestamp="16 May 2023 11:08:39 GMT" skipped="0">
  <testcase classname="com.minnwest.testcases.Minnwest_Login" name="minnwest_Login" time="50.258"/>
  <testcase classname="com.minnwest.testcases.Minnwest_Login" name="minnwest_Login" time="50.987"/>
  <testcase classname="com.minnwest.testcases.Minnwest_Login" name="minnwest_Login" time="54.067"/>
</testsuite> <!-- com.minnwest.testcases.Minnwest_Login -->
